<?xml version="1.0" encoding="UTF-8"?>
<testng-results ignored="0" total="1" passed="1" failed="0" skipped="0">
  <reporter-output>
  </reporter-output>
  <suite started-at="2025-06-05T15:48:30 IST" name="Default suite" finished-at="2025-06-05T15:49:35 IST" duration-ms="64538">
    <groups>
    </groups>
    <test started-at="2025-06-05T15:48:30 IST" name="Default test" finished-at="2025-06-05T15:49:35 IST" duration-ms="64538">
      <class name="com.ERP.TestCases.TC_CreateNewRFQ">
        <test-method is-config="true" signature="setUp()[pri:0, instance:com.ERP.TestCases.TC_CreateNewRFQ@7dfb0c0f]" started-at="2025-06-05T15:48:31 IST" name="setUp" finished-at="2025-06-05T15:48:44 IST" duration-ms="13260" status="PASS">
          <reporter-output>
          </reporter-output>
        </test-method> <!-- setUp -->
        <test-method signature="createNewRFQ()[pri:0, instance:com.ERP.TestCases.TC_CreateNewRFQ@7dfb0c0f]" started-at="2025-06-05T15:48:44 IST" name="createNewRFQ" finished-at="2025-06-05T15:49:35 IST" duration-ms="51214" status="PASS">
          <reporter-output>
          </reporter-output>
        </test-method> <!-- createNewRFQ -->
      </class> <!-- com.ERP.TestCases.TC_CreateNewRFQ -->
    </test> <!-- Default test -->
  </suite> <!-- Default suite -->
</testng-results>
