<?xml version="1.0" encoding="UTF-8"?>
<testng-results ignored="0" total="1" passed="1" failed="0" skipped="0">
  <reporter-output>
  </reporter-output>
  <suite started-at="2025-06-06T15:04:05 IST" name="Default suite" finished-at="2025-06-06T15:04:16 IST" duration-ms="11582">
    <groups>
    </groups>
    <test started-at="2025-06-06T15:04:05 IST" name="Default test" finished-at="2025-06-06T15:04:16 IST" duration-ms="11582">
      <class name="com.ERP.TestCases.TC_CreateOE">
        <test-method is-config="true" signature="setUp()[pri:0, instance:com.ERP.TestCases.TC_CreateOE@7dfb0c0f]" started-at="2025-06-06T15:04:05 IST" name="setUp" finished-at="2025-06-06T15:04:10 IST" duration-ms="5318" status="PASS">
          <reporter-output>
          </reporter-output>
        </test-method> <!-- setUp -->
        <test-method signature="createNewOE()[pri:0, instance:com.ERP.TestCases.TC_CreateOE@7dfb0c0f]" started-at="2025-06-06T15:04:10 IST" name="createNewOE" finished-at="2025-06-06T15:04:16 IST" duration-ms="6223" status="PASS">
          <reporter-output>
          </reporter-output>
        </test-method> <!-- createNewOE -->
      </class> <!-- com.ERP.TestCases.TC_CreateOE -->
    </test> <!-- Default test -->
  </suite> <!-- Default suite -->
</testng-results>
